c:\users\sereo\source\repos\cppclr_winformsproject1\cppclr_winformsproject1\x64\debug\cppclr_winformsproject1.pch
c:\users\sereo\source\repos\cppclr_winformsproject1\cppclr_winformsproject1\x64\debug\vc143.pdb
c:\users\sereo\source\repos\cppclr_winformsproject1\cppclr_winformsproject1\x64\debug\pch.obj
c:\users\sereo\source\repos\cppclr_winformsproject1\cppclr_winformsproject1\x64\debug\form1.obj
c:\users\sereo\source\repos\cppclr_winformsproject1\cppclr_winformsproject1\x64\debug\assemblyinfo.obj
c:\users\sereo\source\repos\cppclr_winformsproject1\cppclr_winformsproject1\x64\debug\.netframework,version=v4.7.2.assemblyattributes.obj
c:\users\sereo\source\repos\cppclr_winformsproject1\cppclr_winformsproject1\x64\debug\mainforms.obj
c:\users\sereo\source\repos\cppclr_winformsproject1\cppclr_winformsproject1\x64\debug\rectangle.obj
c:\users\sereo\source\repos\cppclr_winformsproject1\cppclr_winformsproject1\x64\debug\complexfigure.obj
c:\users\sereo\source\repos\cppclr_winformsproject1\cppclr_winformsproject1\x64\debug\myrectangle.obj
c:\users\sereo\source\repos\cppclr_winformsproject1\x64\debug\cppclr_winformsproject1.exe
c:\users\sereo\source\repos\cppclr_winformsproject1\x64\debug\cppclr_winformsproject1.pdb
c:\users\sereo\source\repos\cppclr_winformsproject1\cppclr_winformsproject1\x64\debug\app.res
c:\users\sereo\source\repos\cppclr_winformsproject1\cppclr_winformsproject1\x64\debug\cppclr_winformsproject.obj
c:\users\sereo\source\repos\cppclr_winformsproject1\cppclr_winformsproject1\x64\debug\triangle.obj
c:\users\sereo\source\repos\cppclr_winformsproject1\cppclr_winformsproject1\x64\debug\cppclr_w.c6a4da49.tlog\cl.command.1.tlog
c:\users\sereo\source\repos\cppclr_winformsproject1\cppclr_winformsproject1\x64\debug\cppclr_w.c6a4da49.tlog\cl.items.tlog
c:\users\sereo\source\repos\cppclr_winformsproject1\cppclr_winformsproject1\x64\debug\cppclr_w.c6a4da49.tlog\cl.read.1.tlog
c:\users\sereo\source\repos\cppclr_winformsproject1\cppclr_winformsproject1\x64\debug\cppclr_w.c6a4da49.tlog\cl.write.1.tlog
c:\users\sereo\source\repos\cppclr_winformsproject1\cppclr_winformsproject1\x64\debug\cppclr_w.c6a4da49.tlog\link.command.1.tlog
c:\users\sereo\source\repos\cppclr_winformsproject1\cppclr_winformsproject1\x64\debug\cppclr_w.c6a4da49.tlog\link.read.1.tlog
c:\users\sereo\source\repos\cppclr_winformsproject1\cppclr_winformsproject1\x64\debug\cppclr_w.c6a4da49.tlog\link.secondary.1.tlog
c:\users\sereo\source\repos\cppclr_winformsproject1\cppclr_winformsproject1\x64\debug\cppclr_w.c6a4da49.tlog\link.write.1.tlog
c:\users\sereo\source\repos\cppclr_winformsproject1\cppclr_winformsproject1\x64\debug\cppclr_w.c6a4da49.tlog\metagen.read.1.tlog
c:\users\sereo\source\repos\cppclr_winformsproject1\cppclr_winformsproject1\x64\debug\cppclr_w.c6a4da49.tlog\metagen.write.1.tlog
c:\users\sereo\source\repos\cppclr_winformsproject1\cppclr_winformsproject1\x64\debug\cppclr_w.c6a4da49.tlog\rc.command.1.tlog
c:\users\sereo\source\repos\cppclr_winformsproject1\cppclr_winformsproject1\x64\debug\cppclr_w.c6a4da49.tlog\rc.read.1.tlog
c:\users\sereo\source\repos\cppclr_winformsproject1\cppclr_winformsproject1\x64\debug\cppclr_w.c6a4da49.tlog\rc.write.1.tlog
c:\users\sereo\source\repos\cppclr_winformsproject1\cppclr_winformsproject1\x64\debug\cppclr_w.c6a4da49.tlog\resgen.command.1.tlog
c:\users\sereo\source\repos\cppclr_winformsproject1\cppclr_winformsproject1\x64\debug\cppclr_w.c6a4da49.tlog\resgen.read.1.tlog
c:\users\sereo\source\repos\cppclr_winformsproject1\cppclr_winformsproject1\x64\debug\cppclr_w.c6a4da49.tlog\resgen.write.1.tlog
